<?xml version="1.0" encoding="UTF-8"?>
<!-- Generated by org.testng.reporters.JUnitReportReporter -->
<testsuite hostname="SOUMEN-PC" failures="0" tests="1" name="com.genaiqe.module1.LoginTest" time="11.955" errors="0" timestamp="2025-08-28T18:12:54 IST" skipped="0">
  <testcase classname="com.genaiqe.module1.LoginTest" name="testLogin" time="11.955"/>
</testsuite> <!-- com.genaiqe.module1.LoginTest -->
